[    11.836] (--) Log file renamed from "/home/subquery/.local/share/xorg/Xorg.pid-1758.log" to "/home/subquery/.local/share/xorg/Xorg.0.log"
[    11.838] 
X.Org X Server 1.20.11
X Protocol Version 11, Revision 0
[    11.838] Build Operating System: linux Ubuntu
[    11.838] Current Operating System: Linux subquery-VirtualBox 5.11.0-38-generic #42~20.04.1-Ubuntu SMP Tue Sep 28 20:41:07 UTC 2021 x86_64
[    11.838] Kernel command line: BOOT_IMAGE=/boot/vmlinuz-5.11.0-38-generic root=UUID=6ce2a7e2-b704-4e03-9daf-6f8ba1eda78f ro quiet splash
[    11.838] Build Date: 06 July 2021  10:17:51AM
[    11.838] xorg-server 2:1.20.11-1ubuntu1~20.04.2 (For technical support please see http://www.ubuntu.com/support) 
[    11.838] Current version of pixman: 0.38.4
[    11.838] 	Before reporting problems, check http://wiki.x.org
	to make sure that you have the latest version.
[    11.838] Markers: (--) probed, (**) from config file, (==) default setting,
	(++) from command line, (!!) notice, (II) informational,
	(WW) warning, (EE) error, (NI) not implemented, (??) unknown.
[    11.838] (==) Log file: "/home/subquery/.local/share/xorg/Xorg.0.log", Time: Sat Nov  6 20:54:54 2021
[    11.840] (==) Using system config directory "/usr/share/X11/xorg.conf.d"
[    11.851] (==) No Layout section.  Using the first Screen section.
[    11.851] (==) No screen section available. Using defaults.
[    11.851] (**) |-->Screen "Default Screen Section" (0)
[    11.851] (**) |   |-->Monitor "<default monitor>"
[    11.852] (==) No monitor specified for screen "Default Screen Section".
	Using a default monitor configuration.
[    11.852] (==) Automatically adding devices
[    11.852] (==) Automatically enabling devices
[    11.852] (==) Automatically adding GPU devices
[    11.852] (==) Automatically binding GPU devices
[    11.852] (==) Max clients allowed: 256, resource mask: 0x1fffff
[    11.857] (WW) The directory "/usr/share/fonts/X11/cyrillic" does not exist.
[    11.857] 	Entry deleted from font path.
[    11.857] (WW) The directory "/usr/share/fonts/X11/100dpi/" does not exist.
[    11.857] 	Entry deleted from font path.
[    11.857] (WW) The directory "/usr/share/fonts/X11/75dpi/" does not exist.
[    11.857] 	Entry deleted from font path.
[    11.858] (WW) The directory "/usr/share/fonts/X11/100dpi" does not exist.
[    11.858] 	Entry deleted from font path.
[    11.858] (WW) The directory "/usr/share/fonts/X11/75dpi" does not exist.
[    11.858] 	Entry deleted from font path.
[    11.858] (==) FontPath set to:
	/usr/share/fonts/X11/misc,
	/usr/share/fonts/X11/Type1,
	built-ins
[    11.858] (==) ModulePath set to "/usr/lib/xorg/modules"
[    11.858] (II) The server relies on udev to provide the list of input devices.
	If no devices become available, reconfigure udev or disable AutoAddDevices.
[    11.858] (II) Loader magic: 0x560ee3355020
[    11.858] (II) Module ABI versions:
[    11.858] 	X.Org ANSI C Emulation: 0.4
[    11.858] 	X.Org Video Driver: 24.1
[    11.858] 	X.Org XInput driver : 24.1
[    11.858] 	X.Org Server Extension : 10.0
[    11.858] (++) using VT number 2

[    11.860] (II) systemd-logind: took control of session /org/freedesktop/login1/session/_31
[    11.861] (II) xfree86: Adding drm device (/dev/dri/card0)
[    11.861] (II) systemd-logind: got fd for /dev/dri/card0 226:0 fd 12 paused 0
[    11.862] (--) PCI:*(0@0:2:0) 15ad:0405:15ad:0405 rev 0, Mem @ 0xe0000000/16777216, 0xf0000000/2097152, I/O @ 0x0000d010/16, BIOS @ 0x????????/131072
[    11.863] (II) LoadModule: "glx"
[    11.864] (II) Loading /usr/lib/xorg/modules/extensions/libglx.so
[    11.881] (II) Module glx: vendor="X.Org Foundation"
[    11.881] 	compiled for 1.20.11, module version = 1.0.0
[    11.881] 	ABI class: X.Org Server Extension, version 10.0
[    11.881] (==) Matched vmware as autoconfigured driver 0
[    11.881] (==) Matched modesetting as autoconfigured driver 1
[    11.881] (==) Matched fbdev as autoconfigured driver 2
[    11.881] (==) Matched vesa as autoconfigured driver 3
[    11.881] (==) Assigned the driver to the xf86ConfigLayout
[    11.881] (II) LoadModule: "vmware"
[    11.881] (II) Loading /usr/lib/xorg/modules/drivers/vmware_drv.so
[    12.130] (II) Module vmware: vendor="X.Org Foundation"
[    12.130] 	compiled for 1.20.8, module version = 13.3.0
[    12.130] 	Module class: X.Org Video Driver
[    12.130] 	ABI class: X.Org Video Driver, version 24.1
[    12.130] (II) LoadModule: "modesetting"
[    12.130] (II) Loading /usr/lib/xorg/modules/drivers/modesetting_drv.so
[    12.133] (II) Module modesetting: vendor="X.Org Foundation"
[    12.133] 	compiled for 1.20.11, module version = 1.20.11
[    12.133] 	Module class: X.Org Video Driver
[    12.133] 	ABI class: X.Org Video Driver, version 24.1
[    12.133] (II) LoadModule: "fbdev"
[    12.133] (II) Loading /usr/lib/xorg/modules/drivers/fbdev_drv.so
[    12.134] (II) Module fbdev: vendor="X.Org Foundation"
[    12.134] 	compiled for 1.20.1, module version = 0.5.0
[    12.134] 	Module class: X.Org Video Driver
[    12.134] 	ABI class: X.Org Video Driver, version 24.0
[    12.134] (II) LoadModule: "vesa"
[    12.134] (II) Loading /usr/lib/xorg/modules/drivers/vesa_drv.so
[    12.135] (II) Module vesa: vendor="X.Org Foundation"
[    12.135] 	compiled for 1.20.4, module version = 2.4.0
[    12.135] 	Module class: X.Org Video Driver
[    12.135] 	ABI class: X.Org Video Driver, version 24.0
[    12.135] (II) vmware: driver for VMware SVGA: vmware0405, vmware0710
[    12.135] (II) modesetting: Driver for Modesetting Kernel Drivers: kms
[    12.135] (II) FBDEV: driver for framebuffer: fbdev
[    12.135] (II) VESA: driver for VESA chipsets: vesa
[    12.135] xf86EnableIOPorts: failed to set IOPL for I/O (Operation not permitted)
[    12.135] (WW) Falling back to old probe method for modesetting
[    12.135] (WW) Falling back to old probe method for fbdev
[    12.135] (II) Loading sub module "fbdevhw"
[    12.135] (II) LoadModule: "fbdevhw"
[    12.135] (II) Loading /usr/lib/xorg/modules/libfbdevhw.so
[    12.136] (II) Module fbdevhw: vendor="X.Org Foundation"
[    12.136] 	compiled for 1.20.11, module version = 0.0.2
[    12.136] 	ABI class: X.Org Video Driver, version 24.1
[    12.137] (EE) open /dev/fb0: Permission denied
[    12.137] (WW) VGA arbiter: cannot open kernel arbiter, no multi-card support
[    12.137] (II) vmware(0): Creating default Display subsection in Screen section
	"Default Screen Section" for depth/fbbpp 24/32
[    12.137] (--) vmware(0): DRM driver version is 2.18.0
[    12.137] (==) vmware(0): Depth 24, (--) framebuffer bpp 32
[    12.137] (==) vmware(0): RGB weight 888
[    12.137] (==) vmware(0): Default visual is TrueColor
[    12.137] (--) vmware(0): Min width 1, Max Width 8192.
[    12.137] (--) vmware(0): Min height 1, Max Height 8192.
[    12.137] (II) vmware(0): Output Virtual1 has no monitor section
[    12.137] (II) vmware(0): Output Virtual2 has no monitor section
[    12.137] (II) vmware(0): Output Virtual3 has no monitor section
[    12.137] (II) vmware(0): Output Virtual4 has no monitor section
[    12.137] (II) vmware(0): Output Virtual5 has no monitor section
[    12.137] (II) vmware(0): Output Virtual6 has no monitor section
[    12.137] (II) vmware(0): Output Virtual7 has no monitor section
[    12.137] (II) vmware(0): Output Virtual8 has no monitor section
[    12.137] (II) vmware(0): Printing probed modes for output Virtual1
[    12.137] (II) vmware(0): Modeline "800x600"x60.0   42.75  800 850 900 950  600 650 700 750 -hsync +vsync (45.0 kHz eP)
[    12.137] (II) vmware(0): Modeline "2560x1600"x60.0  348.50  2560 2752 3032 3504  1600 1603 1609 1658 -hsync +vsync (99.5 kHz e)
[    12.137] (II) vmware(0): Modeline "1920x1440"x60.0  234.00  1920 2048 2256 2600  1440 1441 1444 1500 -hsync +vsync (90.0 kHz e)
[    12.137] (II) vmware(0): Modeline "1856x1392"x60.0  218.25  1856 1952 2176 2528  1392 1393 1396 1439 -hsync +vsync (86.3 kHz e)
[    12.137] (II) vmware(0): Modeline "1792x1344"x60.0  204.75  1792 1920 2120 2448  1344 1345 1348 1394 -hsync +vsync (83.6 kHz e)
[    12.137] (II) vmware(0): Modeline "1920x1200"x59.9  193.25  1920 2056 2256 2592  1200 1203 1209 1245 -hsync +vsync (74.6 kHz e)
[    12.137] (II) vmware(0): Modeline "1600x1200"x60.0  162.00  1600 1664 1856 2160  1200 1201 1204 1250 +hsync +vsync (75.0 kHz e)
[    12.137] (II) vmware(0): Modeline "1680x1050"x60.0  146.25  1680 1784 1960 2240  1050 1053 1059 1089 -hsync +vsync (65.3 kHz e)
[    12.137] (II) vmware(0): Modeline "1400x1050"x60.0  121.75  1400 1488 1632 1864  1050 1053 1057 1089 -hsync +vsync (65.3 kHz e)
[    12.137] (II) vmware(0): Modeline "1280x1024"x60.0  108.00  1280 1328 1440 1688  1024 1025 1028 1066 +hsync +vsync (64.0 kHz e)
[    12.137] (II) vmware(0): Modeline "1440x900"x59.9  106.50  1440 1520 1672 1904  900 903 909 934 -hsync +vsync (55.9 kHz e)
[    12.137] (II) vmware(0): Modeline "1280x960"x60.0  108.00  1280 1376 1488 1800  960 961 964 1000 +hsync +vsync (60.0 kHz e)
[    12.137] (II) vmware(0): Modeline "1360x768"x60.0   85.50  1360 1424 1536 1792  768 771 777 795 +hsync +vsync (47.7 kHz e)
[    12.137] (II) vmware(0): Modeline "1280x800"x59.8   83.50  1280 1352 1480 1680  800 803 809 831 +hsync -vsync (49.7 kHz e)
[    12.137] (II) vmware(0): Modeline "1152x864"x75.0  108.00  1152 1216 1344 1600  864 865 868 900 +hsync +vsync (67.5 kHz e)
[    12.137] (II) vmware(0): Modeline "1280x768"x59.9   79.50  1280 1344 1472 1664  768 771 778 798 -hsync +vsync (47.8 kHz e)
[    12.137] (II) vmware(0): Modeline "1024x768"x60.0   65.00  1024 1048 1184 1344  768 771 777 806 -hsync -vsync (48.4 kHz e)
[    12.137] (II) vmware(0): Modeline "800x600"x60.3   40.00  800 840 968 1056  600 601 605 628 +hsync +vsync (37.9 kHz e)
[    12.137] (II) vmware(0): Modeline "640x480"x59.9   25.18  640 656 752 800  480 489 492 525 -hsync -vsync (31.5 kHz e)
[    12.137] (II) vmware(0): EDID for output Virtual2
[    12.137] (II) vmware(0): EDID for output Virtual3
[    12.137] (II) vmware(0): EDID for output Virtual4
[    12.137] (II) vmware(0): EDID for output Virtual5
[    12.137] (II) vmware(0): EDID for output Virtual6
[    12.137] (II) vmware(0): EDID for output Virtual7
[    12.137] (II) vmware(0): EDID for output Virtual8
[    12.137] (II) vmware(0): Output Virtual1 connected
[    12.137] (II) vmware(0): Output Virtual2 disconnected
[    12.137] (II) vmware(0): Output Virtual3 disconnected
[    12.137] (II) vmware(0): Output Virtual4 disconnected
[    12.137] (II) vmware(0): Output Virtual5 disconnected
[    12.137] (II) vmware(0): Output Virtual6 disconnected
[    12.137] (II) vmware(0): Output Virtual7 disconnected
[    12.137] (II) vmware(0): Output Virtual8 disconnected
[    12.137] (II) vmware(0): Using exact sizes for initial modes
[    12.137] (II) vmware(0): Output Virtual1 using initial mode 800x600 +0+0
[    12.137] (==) vmware(0): DPI set to (96, 96)
[    12.137] (==) vmware(0): Using gamma correction (1.0, 1.0, 1.0)
[    12.137] (II) Loading sub module "fb"
[    12.137] (II) LoadModule: "fb"
[    12.137] (II) Loading /usr/lib/xorg/modules/libfb.so
[    12.141] (II) Module fb: vendor="X.Org Foundation"
[    12.141] 	compiled for 1.20.11, module version = 1.0.0
[    12.141] 	ABI class: X.Org ANSI C Emulation, version 0.4
[    12.141] (II) Loading sub module "dri2"
[    12.141] (II) LoadModule: "dri2"
[    12.141] (II) Module "dri2" already built-in
[    12.141] (II) Loading sub module "dri3"
[    12.141] (II) LoadModule: "dri3"
[    12.141] (II) Module "dri3" already built-in
[    12.141] (II) UnloadModule: "modesetting"
[    12.141] (II) Unloading modesetting
[    12.141] (II) UnloadModule: "fbdev"
[    12.141] (II) Unloading fbdev
[    12.141] (II) UnloadSubModule: "fbdevhw"
[    12.141] (II) Unloading fbdevhw
[    12.141] (II) UnloadModule: "vesa"
[    12.142] (II) Unloading vesa
[    12.144] (II) vmware(0): Initialized VMWARE_CTRL extension version 0.2
[    12.151] (WW) vmware(0): Failed to initialize Gallium3D Xa. No render acceleration available.
[    12.151] (WW) vmware(0): Skipped initialization of direct rendering due to lack of render acceleration.
[    12.151] (--) vmware(0): Render acceleration is disabled.
[    12.151] (==) vmware(0): Rendercheck mode is disabled.
[    12.151] (--) vmware(0): Direct rendering (DRI2 3D) is disabled.
[    12.151] (--) vmware(0): Direct rendering (DRI3 3D) is disabled.
[    12.151] (==) vmware(0): Backing store enabled
[    12.151] (==) vmware(0): Silken mouse enabled
[    12.152] (==) vmware(0): DPMS enabled
[    12.152] (II) vmware(0): No 3D acceleration. Not setting up textured video.
[    12.152] (WW) vmware(0): Disabling Xv because no adaptors could be initialized.
[    12.152] (II) Initializing extension Generic Event Extension
[    12.152] (II) Initializing extension SHAPE
[    12.152] (II) Initializing extension MIT-SHM
[    12.152] (II) Initializing extension XInputExtension
[    12.153] (II) Initializing extension XTEST
[    12.153] (II) Initializing extension BIG-REQUESTS
[    12.153] (II) Initializing extension SYNC
[    12.153] (II) Initializing extension XKEYBOARD
[    12.153] (II) Initializing extension XC-MISC
[    12.153] (II) Initializing extension SECURITY
[    12.153] (II) Initializing extension XFIXES
[    12.153] (II) Initializing extension RENDER
[    12.153] (II) Initializing extension RANDR
[    12.154] (II) Initializing extension COMPOSITE
[    12.154] (II) Initializing extension DAMAGE
[    12.154] (II) Initializing extension MIT-SCREEN-SAVER
[    12.154] (II) Initializing extension DOUBLE-BUFFER
[    12.154] (II) Initializing extension RECORD
[    12.154] (II) Initializing extension DPMS
[    12.154] (II) Initializing extension Present
[    12.154] (II) Initializing extension DRI3
[    12.154] (II) Initializing extension X-Resource
[    12.154] (II) Initializing extension XVideo
[    12.154] (II) Initializing extension XVideo-MotionCompensation
[    12.154] (II) Initializing extension SELinux
[    12.154] (II) SELinux: Disabled on system
[    12.154] (II) Initializing extension GLX
[    12.155] (II) AIGLX: Screen 0 is not DRI2 capable
[    12.261] (II) IGLX: Loaded and initialized swrast
[    12.261] (II) GLX: Initialized DRISWRAST GL provider for screen 0
[    12.261] (II) Initializing extension XFree86-VidModeExtension
[    12.261] (II) Initializing extension XFree86-DGA
[    12.261] (II) Initializing extension XFree86-DRI
[    12.261] (II) Initializing extension DRI2
[    12.263] (II) vmware(0): Setting screen physical size to 211 x 158
[    12.346] (II) config/udev: Adding input device Power Button (/dev/input/event0)
[    12.346] (**) Power Button: Applying InputClass "libinput keyboard catchall"
[    12.346] (II) LoadModule: "libinput"
[    12.346] (II) Loading /usr/lib/xorg/modules/input/libinput_drv.so
[    12.357] (II) Module libinput: vendor="X.Org Foundation"
[    12.357] 	compiled for 1.20.4, module version = 0.29.0
[    12.357] 	Module class: X.Org XInput Driver
[    12.357] 	ABI class: X.Org XInput driver, version 24.1
[    12.357] (II) Using input driver 'libinput' for 'Power Button'
[    12.358] (II) systemd-logind: got fd for /dev/input/event0 13:64 fd 20 paused 0
[    12.358] (**) Power Button: always reports core events
[    12.358] (**) Option "Device" "/dev/input/event0"
[    12.358] (**) Option "_source" "server/udev"
[    12.372] (II) event0  - Power Button: is tagged by udev as: Keyboard
[    12.372] (II) event0  - Power Button: device is a keyboard
[    12.372] (II) event0  - Power Button: device removed
[    12.372] (**) Option "config_info" "udev:/sys/devices/LNXSYSTM:00/LNXPWRBN:00/input/input0/event0"
[    12.372] (II) XINPUT: Adding extended input device "Power Button" (type: KEYBOARD, id 6)
[    12.372] (**) Option "xkb_model" "pc105"
[    12.372] (**) Option "xkb_layout" "us,ru"
[    12.372] (**) Option "xkb_variant" ","
[    12.372] (**) Option "xkb_options" "grp_led:scroll"
[    12.393] (II) event0  - Power Button: is tagged by udev as: Keyboard
[    12.393] (II) event0  - Power Button: device is a keyboard
[    12.393] (II) config/udev: Adding input device Sleep Button (/dev/input/event1)
[    12.393] (**) Sleep Button: Applying InputClass "libinput keyboard catchall"
[    12.393] (II) Using input driver 'libinput' for 'Sleep Button'
[    12.394] (II) systemd-logind: got fd for /dev/input/event1 13:65 fd 23 paused 0
[    12.394] (**) Sleep Button: always reports core events
[    12.394] (**) Option "Device" "/dev/input/event1"
[    12.394] (**) Option "_source" "server/udev"
[    12.395] (II) event1  - Sleep Button: is tagged by udev as: Keyboard
[    12.395] (II) event1  - Sleep Button: device is a keyboard
[    12.395] (II) event1  - Sleep Button: device removed
[    12.395] (**) Option "config_info" "udev:/sys/devices/LNXSYSTM:00/LNXSLPBN:00/input/input1/event1"
[    12.395] (II) XINPUT: Adding extended input device "Sleep Button" (type: KEYBOARD, id 7)
[    12.395] (**) Option "xkb_model" "pc105"
[    12.395] (**) Option "xkb_layout" "us,ru"
[    12.395] (**) Option "xkb_variant" ","
[    12.395] (**) Option "xkb_options" "grp_led:scroll"
[    12.395] (II) event1  - Sleep Button: is tagged by udev as: Keyboard
[    12.395] (II) event1  - Sleep Button: device is a keyboard
[    12.396] (II) config/udev: Adding input device Video Bus (/dev/input/event3)
[    12.396] (**) Video Bus: Applying InputClass "libinput keyboard catchall"
[    12.396] (II) Using input driver 'libinput' for 'Video Bus'
[    12.396] (II) systemd-logind: got fd for /dev/input/event3 13:67 fd 24 paused 0
[    12.396] (**) Video Bus: always reports core events
[    12.396] (**) Option "Device" "/dev/input/event3"
[    12.396] (**) Option "_source" "server/udev"
[    12.397] (II) event3  - Video Bus: is tagged by udev as: Keyboard
[    12.397] (II) event3  - Video Bus: device is a keyboard
[    12.397] (II) event3  - Video Bus: device removed
[    12.397] (**) Option "config_info" "udev:/sys/devices/LNXSYSTM:00/LNXSYBUS:00/PNP0A03:00/LNXVIDEO:00/input/input4/event3"
[    12.397] (II) XINPUT: Adding extended input device "Video Bus" (type: KEYBOARD, id 8)
[    12.397] (**) Option "xkb_model" "pc105"
[    12.397] (**) Option "xkb_layout" "us,ru"
[    12.397] (**) Option "xkb_variant" ","
[    12.397] (**) Option "xkb_options" "grp_led:scroll"
[    12.397] (II) event3  - Video Bus: is tagged by udev as: Keyboard
[    12.397] (II) event3  - Video Bus: device is a keyboard
[    12.398] (II) config/udev: Adding input device VirtualBox mouse integration (/dev/input/event5)
[    12.398] (**) VirtualBox mouse integration: Applying InputClass "libinput pointer catchall"
[    12.398] (II) Using input driver 'libinput' for 'VirtualBox mouse integration'
[    12.398] (II) systemd-logind: got fd for /dev/input/event5 13:69 fd 25 paused 0
[    12.398] (**) VirtualBox mouse integration: always reports core events
[    12.398] (**) Option "Device" "/dev/input/event5"
[    12.398] (**) Option "_source" "server/udev"
[    12.399] (II) event5  - VirtualBox mouse integration: is tagged by udev as: Mouse
[    12.399] (II) event5  - VirtualBox mouse integration: device is a pointer
[    12.399] (II) event5  - VirtualBox mouse integration: device removed
[    12.399] (**) Option "config_info" "udev:/sys/devices/pci0000:00/0000:00:04.0/input/input6/event5"
[    12.399] (II) XINPUT: Adding extended input device "VirtualBox mouse integration" (type: MOUSE, id 9)
[    12.399] (**) Option "AccelerationScheme" "none"
[    12.399] (**) VirtualBox mouse integration: (accel) selected scheme none/0
[    12.399] (**) VirtualBox mouse integration: (accel) acceleration factor: 2.000
[    12.399] (**) VirtualBox mouse integration: (accel) acceleration threshold: 4
[    12.399] (II) event5  - VirtualBox mouse integration: is tagged by udev as: Mouse
[    12.399] (II) event5  - VirtualBox mouse integration: device is a pointer
[    12.399] (II) config/udev: Adding input device VirtualBox mouse integration (/dev/input/js0)
[    12.399] (II) No input driver specified, ignoring this device.
[    12.399] (II) This device may have been added with another device file.
[    12.400] (II) config/udev: Adding input device VirtualBox USB Tablet (/dev/input/event6)
[    12.400] (**) VirtualBox USB Tablet: Applying InputClass "libinput pointer catchall"
[    12.400] (II) Using input driver 'libinput' for 'VirtualBox USB Tablet'
[    12.461] (II) systemd-logind: got fd for /dev/input/event6 13:70 fd 26 paused 0
[    12.461] (**) VirtualBox USB Tablet: always reports core events
[    12.461] (**) Option "Device" "/dev/input/event6"
[    12.461] (**) Option "_source" "server/udev"
[    12.462] (II) event6  - VirtualBox USB Tablet: is tagged by udev as: Mouse
[    12.462] (II) event6  - VirtualBox USB Tablet: device is a pointer
[    12.462] (II) event6  - VirtualBox USB Tablet: device removed
[    12.462] (**) Option "config_info" "udev:/sys/devices/pci0000:00/0000:00:06.0/usb1/1-1/1-1:1.0/0003:80EE:0021.0001/input/input7/event6"
[    12.462] (II) XINPUT: Adding extended input device "VirtualBox USB Tablet" (type: MOUSE, id 10)
[    12.462] (**) Option "AccelerationScheme" "none"
[    12.462] (**) VirtualBox USB Tablet: (accel) selected scheme none/0
[    12.462] (**) VirtualBox USB Tablet: (accel) acceleration factor: 2.000
[    12.462] (**) VirtualBox USB Tablet: (accel) acceleration threshold: 4
[    12.463] (II) event6  - VirtualBox USB Tablet: is tagged by udev as: Mouse
[    12.463] (II) event6  - VirtualBox USB Tablet: device is a pointer
[    12.463] (II) config/udev: Adding input device VirtualBox USB Tablet (/dev/input/js1)
[    12.463] (II) No input driver specified, ignoring this device.
[    12.463] (II) This device may have been added with another device file.
[    12.463] (II) config/udev: Adding input device VirtualBox USB Tablet (/dev/input/mouse1)
[    12.463] (II) No input driver specified, ignoring this device.
[    12.463] (II) This device may have been added with another device file.
[    12.464] (II) config/udev: Adding input device AT Translated Set 2 keyboard (/dev/input/event2)
[    12.464] (**) AT Translated Set 2 keyboard: Applying InputClass "libinput keyboard catchall"
[    12.464] (II) Using input driver 'libinput' for 'AT Translated Set 2 keyboard'
[    12.467] (II) systemd-logind: got fd for /dev/input/event2 13:66 fd 27 paused 0
[    12.467] (**) AT Translated Set 2 keyboard: always reports core events
[    12.467] (**) Option "Device" "/dev/input/event2"
[    12.467] (**) Option "_source" "server/udev"
[    12.468] (II) event2  - AT Translated Set 2 keyboard: is tagged by udev as: Keyboard
[    12.468] (II) event2  - AT Translated Set 2 keyboard: device is a keyboard
[    12.468] (II) event2  - AT Translated Set 2 keyboard: device removed
[    12.468] (**) Option "config_info" "udev:/sys/devices/platform/i8042/serio0/input/input2/event2"
[    12.468] (II) XINPUT: Adding extended input device "AT Translated Set 2 keyboard" (type: KEYBOARD, id 11)
[    12.468] (**) Option "xkb_model" "pc105"
[    12.468] (**) Option "xkb_layout" "us,ru"
[    12.468] (**) Option "xkb_variant" ","
[    12.468] (**) Option "xkb_options" "grp_led:scroll"
[    12.469] (II) event2  - AT Translated Set 2 keyboard: is tagged by udev as: Keyboard
[    12.469] (II) event2  - AT Translated Set 2 keyboard: device is a keyboard
[    12.469] (II) config/udev: Adding input device ImExPS/2 Generic Explorer Mouse (/dev/input/event4)
[    12.469] (**) ImExPS/2 Generic Explorer Mouse: Applying InputClass "libinput pointer catchall"
[    12.469] (II) Using input driver 'libinput' for 'ImExPS/2 Generic Explorer Mouse'
[    12.470] (II) systemd-logind: got fd for /dev/input/event4 13:68 fd 28 paused 0
[    12.470] (**) ImExPS/2 Generic Explorer Mouse: always reports core events
[    12.470] (**) Option "Device" "/dev/input/event4"
[    12.470] (**) Option "_source" "server/udev"
[    12.470] (II) event4  - ImExPS/2 Generic Explorer Mouse: is tagged by udev as: Mouse
[    12.470] (II) event4  - ImExPS/2 Generic Explorer Mouse: device is a pointer
[    12.470] (II) event4  - ImExPS/2 Generic Explorer Mouse: device removed
[    12.470] (**) Option "config_info" "udev:/sys/devices/platform/i8042/serio1/input/input5/event4"
[    12.470] (II) XINPUT: Adding extended input device "ImExPS/2 Generic Explorer Mouse" (type: MOUSE, id 12)
[    12.471] (**) Option "AccelerationScheme" "none"
[    12.471] (**) ImExPS/2 Generic Explorer Mouse: (accel) selected scheme none/0
[    12.471] (**) ImExPS/2 Generic Explorer Mouse: (accel) acceleration factor: 2.000
[    12.471] (**) ImExPS/2 Generic Explorer Mouse: (accel) acceleration threshold: 4
[    12.471] (II) event4  - ImExPS/2 Generic Explorer Mouse: is tagged by udev as: Mouse
[    12.471] (II) event4  - ImExPS/2 Generic Explorer Mouse: device is a pointer
[    12.471] (II) config/udev: Adding input device ImExPS/2 Generic Explorer Mouse (/dev/input/mouse0)
[    12.471] (II) No input driver specified, ignoring this device.
[    12.471] (II) This device may have been added with another device file.
[    13.279] (EE) No surface to present from.
